build/outputs/logs/manifest-merger-debug-report.txt
-- Merging decision tree log ---
manifest
ADDED from AndroidManifest.xml:19:1
	xmlns:android
		ADDED from AndroidManifest.xml:19:11
	package
		ADDED from AndroidManifest.xml:20:5
	android:versionName
		ADDED from AndroidManifest.xml:22:5
	android:versionCode
		ADDED from AndroidManifest.xml:21:5
		INJECTED from AndroidManifest.xml:0:0
		INJECTED from AndroidManifest.xml:0:0
uses-permission#android.permission.GET_ACCOUNTS
ADDED from AndroidManifest.xml:24:5
	android:name
		ADDED from AndroidManifest.xml:24:22
uses-permission#android.permission.USE_CREDENTIALS
ADDED from AndroidManifest.xml:25:5
	android:name
		ADDED from AndroidManifest.xml:25:22
uses-permission#android.permission.MANAGE_ACCOUNTS
ADDED from AndroidManifest.xml:26:5
MERGED from nsCloud:nscloud-library:unspecified:34:5
	android:name
		ADDED from AndroidManifest.xml:26:22
uses-permission#android.permission.AUTHENTICATE_ACCOUNTS
ADDED from AndroidManifest.xml:27:5
	android:name
		ADDED from AndroidManifest.xml:27:22
uses-permission#android.permission.INTERNET
ADDED from AndroidManifest.xml:28:5
	android:name
		ADDED from AndroidManifest.xml:28:22
uses-permission#android.permission.WRITE_SETTINGS
ADDED from AndroidManifest.xml:29:5
	android:name
		ADDED from AndroidManifest.xml:29:22
uses-permission#android.permission.READ_SYNC_STATS
ADDED from AndroidManifest.xml:30:5
	android:name
		ADDED from AndroidManifest.xml:30:22
uses-permission#android.permission.READ_SYNC_SETTINGS
ADDED from AndroidManifest.xml:31:5
	android:name
		ADDED from AndroidManifest.xml:31:22
uses-permission#android.permission.WRITE_SYNC_SETTINGS
ADDED from AndroidManifest.xml:32:5
	android:name
		ADDED from AndroidManifest.xml:32:22
uses-permission#android.permission.BROADCAST_STICKY
ADDED from AndroidManifest.xml:33:5
	android:name
		ADDED from AndroidManifest.xml:33:22
uses-permission#android.permission.ACCESS_NETWORK_STATE
ADDED from AndroidManifest.xml:34:5
	android:name
		ADDED from AndroidManifest.xml:34:22
uses-permission#android.permission.RECEIVE_BOOT_COMPLETED
ADDED from AndroidManifest.xml:35:5
	android:name
		ADDED from AndroidManifest.xml:35:22
uses-permission#android.permission.WAKE_LOCK
ADDED from AndroidManifest.xml:36:5
	android:name
		ADDED from AndroidManifest.xml:36:22
uses-sdk
ADDED from AndroidManifest.xml:38:5
MERGED from com.android.support:support-v4:22.2.1:20:5
MERGED from nsCloud:nscloud-library:unspecified:30:5
MERGED from com.android.support:appcompat-v7:22.2.1:20:5
MERGED from com.android.support:support-v4:22.2.1:20:5
	android:targetSdkVersion
		ADDED from AndroidManifest.xml:40:9
	android:minSdkVersion
		ADDED from AndroidManifest.xml:39:9
uses-permission#android.permission.WRITE_EXTERNAL_STORAGE
ADDED from AndroidManifest.xml:42:5
	android:name
		ADDED from AndroidManifest.xml:42:22
application
ADDED from AndroidManifest.xml:44:5
MERGED from com.android.support:support-v4:22.2.1:22:5
MERGED from com.android.support:appcompat-v7:22.2.1:22:5
MERGED from com.android.support:support-v4:22.2.1:22:5
	android:label
		ADDED from AndroidManifest.xml:47:9
	android:icon
		ADDED from AndroidManifest.xml:46:9
	android:theme
		ADDED from AndroidManifest.xml:48:9
	android:name
		ADDED from AndroidManifest.xml:45:9
activity#com.nscloud.android.ui.activity.FileDisplayActivity
ADDED from AndroidManifest.xml:49:9
	android:label
		ADDED from AndroidManifest.xml:51:13
	android:name
		ADDED from AndroidManifest.xml:50:13
intent-filter#android.intent.action.MAIN+android.intent.category.LAUNCHER
ADDED from AndroidManifest.xml:52:13
action#android.intent.action.MAIN
ADDED from AndroidManifest.xml:53:17
	android:name
		ADDED from AndroidManifest.xml:53:25
category#android.intent.category.LAUNCHER
ADDED from AndroidManifest.xml:54:17
	android:name
		ADDED from AndroidManifest.xml:54:27
activity#com.nscloud.android.ui.activity.UploadFilesActivity
ADDED from AndroidManifest.xml:57:9
	android:name
		ADDED from AndroidManifest.xml:57:19
activity#com.nscloud.android.ui.activity.Uploader
ADDED from AndroidManifest.xml:58:9
	android:name
		ADDED from AndroidManifest.xml:58:19
intent-filter#android.intent.action.SEND+android.intent.category.DEFAULT
ADDED from AndroidManifest.xml:59:13
action#android.intent.action.SEND
ADDED from AndroidManifest.xml:60:17
	android:name
		ADDED from AndroidManifest.xml:60:25
category#android.intent.category.DEFAULT
ADDED from AndroidManifest.xml:62:17
	android:name
		ADDED from AndroidManifest.xml:62:27
data
ADDED from AndroidManifest.xml:64:17
	android:mimeType
		ADDED from AndroidManifest.xml:64:23
intent-filter#android.intent.action.SEND_MULTIPLE+android.intent.category.DEFAULT
ADDED from AndroidManifest.xml:66:13
action#android.intent.action.SEND_MULTIPLE
ADDED from AndroidManifest.xml:67:17
	android:name
		ADDED from AndroidManifest.xml:67:25
activity#com.nscloud.android.ui.activity.Preferences
ADDED from AndroidManifest.xml:75:9
	android:theme
		ADDED from AndroidManifest.xml:77:13
	android:name
		ADDED from AndroidManifest.xml:76:13
activity#com.nscloud.android.ui.preview.PreviewImageActivity
ADDED from AndroidManifest.xml:78:9
	android:theme
		ADDED from AndroidManifest.xml:80:13
	android:name
		ADDED from AndroidManifest.xml:79:13
activity#com.nscloud.android.ui.preview.PreviewVideoActivity
ADDED from AndroidManifest.xml:82:9
	android:label
		ADDED from AndroidManifest.xml:84:13
	android:theme
		ADDED from AndroidManifest.xml:85:13
	android:name
		ADDED from AndroidManifest.xml:83:13
service#com.nscloud.android.authentication.AccountAuthenticatorService
ADDED from AndroidManifest.xml:87:9
	android:exported
		ADDED from AndroidManifest.xml:89:13
	android:name
		ADDED from AndroidManifest.xml:88:13
intent-filter#android.accounts.AccountAuthenticator
ADDED from AndroidManifest.xml:90:13
	android:priority
		ADDED from AndroidManifest.xml:90:28
action#android.accounts.AccountAuthenticator
ADDED from AndroidManifest.xml:91:17
	android:name
		ADDED from AndroidManifest.xml:91:25
meta-data#android.accounts.AccountAuthenticator
ADDED from AndroidManifest.xml:94:13
	android:resource
		ADDED from AndroidManifest.xml:96:17
	android:name
		ADDED from AndroidManifest.xml:95:17
service#com.nscloud.android.syncadapter.FileSyncService
ADDED from AndroidManifest.xml:98:9
	android:exported
		ADDED from AndroidManifest.xml:100:13
	android:name
		ADDED from AndroidManifest.xml:99:13
intent-filter#android.content.SyncAdapter
ADDED from AndroidManifest.xml:101:13
action#android.content.SyncAdapter
ADDED from AndroidManifest.xml:102:17
	android:name
		ADDED from AndroidManifest.xml:102:25
meta-data#android.content.SyncAdapter
ADDED from AndroidManifest.xml:105:13
	android:resource
		ADDED from AndroidManifest.xml:107:17
	android:name
		ADDED from AndroidManifest.xml:106:17
provider#com.nscloud.android.providers.FileContentProvider
ADDED from AndroidManifest.xml:110:9
	android:label
		ADDED from AndroidManifest.xml:115:13
	android:syncable
		ADDED from AndroidManifest.xml:116:13
	android:exported
		ADDED from AndroidManifest.xml:114:13
	android:authorities
		ADDED from AndroidManifest.xml:112:13
	android:enabled
		ADDED from AndroidManifest.xml:113:13
	android:name
		ADDED from AndroidManifest.xml:111:13
activity#com.nscloud.android.authentication.AuthenticatorActivity
ADDED from AndroidManifest.xml:118:9
	android:theme
		ADDED from AndroidManifest.xml:122:13
	android:exported
		ADDED from AndroidManifest.xml:120:13
	android:name
		ADDED from AndroidManifest.xml:119:13
	android:launchMode
		ADDED from AndroidManifest.xml:121:13
intent-filter#android.intent.action.VIEW+android.intent.category.BROWSABLE+android.intent.category.DEFAULT
ADDED from AndroidManifest.xml:123:13
action#android.intent.action.VIEW
ADDED from AndroidManifest.xml:124:17
	android:name
		ADDED from AndroidManifest.xml:124:25
category#android.intent.category.BROWSABLE
ADDED from AndroidManifest.xml:127:17
	android:name
		ADDED from AndroidManifest.xml:127:27
intent-filter#android.intent.category.DEFAULT+com.owncloud.android.workaround.accounts.CREATE
ADDED from AndroidManifest.xml:131:13
action#com.owncloud.android.workaround.accounts.CREATE
ADDED from AndroidManifest.xml:132:17
	android:name
		ADDED from AndroidManifest.xml:132:25
service#com.nscloud.android.services.OperationsService
ADDED from AndroidManifest.xml:137:9
	android:name
		ADDED from AndroidManifest.xml:137:18
service#com.nscloud.android.files.services.FileDownloader
ADDED from AndroidManifest.xml:138:9
	android:name
		ADDED from AndroidManifest.xml:138:18
service#com.nscloud.android.files.services.FileUploader
ADDED from AndroidManifest.xml:139:9
	android:name
		ADDED from AndroidManifest.xml:139:18
service#com.nscloud.android.media.MediaService
ADDED from AndroidManifest.xml:140:9
	android:name
		ADDED from AndroidManifest.xml:140:18
activity#com.nscloud.android.ui.activity.PassCodeActivity
ADDED from AndroidManifest.xml:142:9
	android:name
		ADDED from AndroidManifest.xml:142:19
activity#com.nscloud.android.ui.activity.ConflictsResolveActivity
ADDED from AndroidManifest.xml:143:9
	android:name
		ADDED from AndroidManifest.xml:143:19
activity#com.nscloud.android.ui.activity.GenericExplanationActivity
ADDED from AndroidManifest.xml:144:9
	android:name
		ADDED from AndroidManifest.xml:144:19
activity#com.nscloud.android.ui.activity.ErrorsWhileCopyingHandlerActivity
ADDED from AndroidManifest.xml:145:9
	android:name
		ADDED from AndroidManifest.xml:145:19
activity#com.nscloud.android.ui.activity.LogHistoryActivity
ADDED from AndroidManifest.xml:147:9
	android:name
		ADDED from AndroidManifest.xml:147:19
receiver#com.nscloud.android.files.InstantUploadBroadcastReceiver
ADDED from AndroidManifest.xml:149:9
	android:name
		ADDED from AndroidManifest.xml:149:19
intent-filter#android.hardware.action.NEW_PICTURE+com.android.camera.NEW_PICTURE
ADDED from AndroidManifest.xml:150:13
action#com.android.camera.NEW_PICTURE
ADDED from AndroidManifest.xml:152:17
	android:name
		ADDED from AndroidManifest.xml:152:25
action#android.hardware.action.NEW_PICTURE
ADDED from AndroidManifest.xml:154:17
	android:name
		ADDED from AndroidManifest.xml:154:25
intent-filter#android.hardware.action.NEW_VIDEO
ADDED from AndroidManifest.xml:157:13
action#android.hardware.action.NEW_VIDEO
ADDED from AndroidManifest.xml:158:17
	android:name
		ADDED from AndroidManifest.xml:158:25
intent-filter#android.net.conn.CONNECTIVITY_CHANGE
ADDED from AndroidManifest.xml:161:13
action#android.net.conn.CONNECTIVITY_CHANGE
ADDED from AndroidManifest.xml:162:17
	android:name
		ADDED from AndroidManifest.xml:162:25
receiver#com.nscloud.android.files.BootupBroadcastReceiver
ADDED from AndroidManifest.xml:165:9
	android:name
		ADDED from AndroidManifest.xml:165:19
intent-filter#android.intent.action.BOOT_COMPLETED
ADDED from AndroidManifest.xml:166:13
action#android.intent.action.BOOT_COMPLETED
ADDED from AndroidManifest.xml:167:17
	android:name
		ADDED from AndroidManifest.xml:167:25
service#com.nscloud.android.services.observer.FileObserverService
ADDED from AndroidManifest.xml:171:9
	android:name
		ADDED from AndroidManifest.xml:171:18
activity#com.nscloud.android.ui.activity.CopyToClipboardActivity
ADDED from AndroidManifest.xml:173:9
	android:label
		ADDED from AndroidManifest.xml:176:13
	android:icon
		ADDED from AndroidManifest.xml:175:13
	android:name
		ADDED from AndroidManifest.xml:174:13
activity#com.nscloud.android.ui.activity.FolderPickerActivity
ADDED from AndroidManifest.xml:178:9
	android:label
		ADDED from AndroidManifest.xml:180:13
	android:name
		ADDED from AndroidManifest.xml:179:13
activity#com.nscloud.android.ui.activity.UploadPathActivity
ADDED from AndroidManifest.xml:182:9
	android:label
		ADDED from AndroidManifest.xml:184:13
	android:name
		ADDED from AndroidManifest.xml:183:13